Using pre-set license

 COMMAND LINE ARGUMENTS:
/Applications/Unity/Hub/Editor/2020.3.10f1/Unity.app/Contents/MacOS/Unity
-adb2
-batchMode
-noUpm
-name
AssetImportWorker0
-projectPath
/Users/joanc2/Documents/Unity/Communications Tutorial
-logFile
Logs/AssetImportWorker0.log
-srvPort
49552
Successfully changed project path to: /Users/joanc2/Documents/Unity/Communications Tutorial
/Users/joanc2/Documents/Unity/Communications Tutorial
Using Asset Import Pipeline V2.
Refreshing native plugins compatible for Editor in 45.74 ms, found 3 plugins.
Preloading 0 native plugins for Editor in 0.00 ms.
Initialize engine version: 2020.3.10f1 (297d780c91bc)
[Subsystems] Discovering subsystems at path /Applications/Unity/Hub/Editor/2020.3.10f1/Unity.app/Contents/Resources/UnitySubsystems
[Subsystems] Discovering subsystems at path /Users/joanc2/Documents/Unity/Communications Tutorial/Assets
GfxDevice: creating device client; threaded=0
2021-11-11 12:00:51.806 Unity[1453:101900] Color LCD preferred device: Intel(R) HD Graphics 630 (low power)
2021-11-11 12:00:51.806 Unity[1453:101900] Metal devices available: 2
2021-11-11 12:00:51.806 Unity[1453:101900] 0: AMD Radeon Pro 560 (high power)
2021-11-11 12:00:51.806 Unity[1453:101900] 1: Intel(R) HD Graphics 630 (low power)
2021-11-11 12:00:51.806 Unity[1453:101900] Using device AMD Radeon Pro 560 (high power)
Initializing Metal device caps: AMD Radeon Pro 560
Initialize mono
Mono path[0] = '/Applications/Unity/Hub/Editor/2020.3.10f1/Unity.app/Contents/Managed'
Mono path[1] = '/Applications/Unity/Hub/Editor/2020.3.10f1/Unity.app/Contents/MonoBleedingEdge/lib/mono/unityjit'
Mono config path = '/Applications/Unity/Hub/Editor/2020.3.10f1/Unity.app/Contents/MonoBleedingEdge/etc'
Using monoOptions --debugger-agent=transport=dt_socket,embedding=1,server=y,suspend=n,address=127.0.0.1:56453
Begin MonoManager ReloadAssembly
Registering precompiled unity dll's ...
Register platform support module: /Applications/Unity/Hub/Editor/2020.3.10f1/Unity.app/Contents/PlaybackEngines/MacStandaloneSupport/UnityEditor.OSXStandalone.Extensions.dll
Register platform support module: /Applications/Unity/Hub/Editor/2020.3.10f1/PlaybackEngines/WindowsStandaloneSupport/UnityEditor.WindowsStandalone.Extensions.dll
Register platform support module: /Applications/Unity/Hub/Editor/2020.3.10f1/PlaybackEngines/LinuxStandaloneSupport/UnityEditor.LinuxStandalone.Extensions.dll
Registered in 0.000833 seconds.
Native extension for LinuxStandalone target not found
Native extension for WindowsStandalone target not found
Native extension for OSXStandalone target not found
Refreshing native plugins compatible for Editor in 44.08 ms, found 3 plugins.
Preloading 0 native plugins for Editor in 0.00 ms.
Mono: successfully reloaded assembly
- Completed reload, in  1.997 seconds
Platform modules already initialized, skipping
Registering precompiled user dll's ...
Registered in 0.004520 seconds.
Begin MonoManager ReloadAssembly
Native extension for LinuxStandalone target not found
Native extension for WindowsStandalone target not found
Native extension for OSXStandalone target not found
Refreshing native plugins compatible for Editor in 44.36 ms, found 3 plugins.
Preloading 0 native plugins for Editor in 0.00 ms.
Mono: successfully reloaded assembly
- Completed reload, in  1.322 seconds
Platform modules already initialized, skipping
========================================================================
Worker process is ready to serve import requests
Launching external process: /Applications/Unity/Hub/Editor/2020.3.10f1/Unity.app/Contents/Tools/UnityShaderCompiler
Launched and connected shader compiler UnityShaderCompiler after 0.01 seconds
Refreshing native plugins compatible for Editor in 0.52 ms, found 3 plugins.
Preloading 0 native plugins for Editor in 0.00 ms.
Unloading 2240 Unused Serialized files (Serialized files now loaded: 0)
System memory in use before: 212.3 MB.
System memory in use after: 212.4 MB.

Unloading 32 unused Assets to reduce memory usage. Loaded Objects now: 2676.
Total: 2.522766 ms (FindLiveObjects: 0.261069 ms CreateObjectMapping: 0.072023 ms MarkObjects: 2.100620 ms  DeleteObjects: 0.088276 ms)

========================================================================
Received Import Request.
  path: Assets/Prefabs/Person.prefab
  artifactKey: Guid(6cf878249a8d74412adf006cd6a6a2a2) Importer(815301076,1909f56bfc062723c751e8b465ee728b)
Start importing Assets/Prefabs/Person.prefab using Guid(6cf878249a8d74412adf006cd6a6a2a2) Importer(815301076,1909f56bfc062723c751e8b465ee728b)  -> (artifact id: '273dc00fff5b3aa3902001d1e39f2559') in 1.016463 seconds
  Import took 1.020942 seconds .

========================================================================
Received Import Request.
  Time since last request: 0.000235 seconds.
  path: Assets/Prefabs/Person.prefab
  artifactKey: Guid(6cf878249a8d74412adf006cd6a6a2a2) Importer(815301076,1909f56bfc062723c751e8b465ee728b)
Start importing Assets/Prefabs/Person.prefab using Guid(6cf878249a8d74412adf006cd6a6a2a2) Importer(815301076,1909f56bfc062723c751e8b465ee728b)  -> (artifact id: '4090f354e3d5c78987233b1248be80fd') in 0.022808 seconds
  Import took 0.027398 seconds .

========================================================================
Received Import Request.
  Time since last request: 1.309759 seconds.
  path: Assets/Prefabs/Person.prefab
  artifactKey: Guid(6cf878249a8d74412adf006cd6a6a2a2) Importer(815301076,1909f56bfc062723c751e8b465ee728b)
Start importing Assets/Prefabs/Person.prefab using Guid(6cf878249a8d74412adf006cd6a6a2a2) Importer(815301076,1909f56bfc062723c751e8b465ee728b)  -> (artifact id: '7603a21030ea596627a6efb3b4659310') in 0.026469 seconds
  Import took 0.031312 seconds .

========================================================================
Received Import Request.
  Time since last request: 2.338245 seconds.
  path: Assets/Prefabs/Person.prefab
  artifactKey: Guid(6cf878249a8d74412adf006cd6a6a2a2) Importer(815301076,1909f56bfc062723c751e8b465ee728b)
Start importing Assets/Prefabs/Person.prefab using Guid(6cf878249a8d74412adf006cd6a6a2a2) Importer(815301076,1909f56bfc062723c751e8b465ee728b)  -> (artifact id: '3920bf421627f1d1bc3e9c98c0334580') in 0.027926 seconds
  Import took 0.032877 seconds .

========================================================================
Received Import Request.
  Time since last request: 12.247446 seconds.
  path: Assets/Prefabs/Person.prefab
  artifactKey: Guid(6cf878249a8d74412adf006cd6a6a2a2) Importer(815301076,1909f56bfc062723c751e8b465ee728b)
Start importing Assets/Prefabs/Person.prefab using Guid(6cf878249a8d74412adf006cd6a6a2a2) Importer(815301076,1909f56bfc062723c751e8b465ee728b)  -> (artifact id: 'e4198e23093d184ba7538b39a91689eb') in 0.023205 seconds
  Import took 0.029588 seconds .

========================================================================
Received Import Request.
  Time since last request: 1.036029 seconds.
  path: Assets/Prefabs/Person.prefab
  artifactKey: Guid(6cf878249a8d74412adf006cd6a6a2a2) Importer(815301076,1909f56bfc062723c751e8b465ee728b)
Start importing Assets/Prefabs/Person.prefab using Guid(6cf878249a8d74412adf006cd6a6a2a2) Importer(815301076,1909f56bfc062723c751e8b465ee728b)  -> (artifact id: 'ea68fe566eb600284e22c5245dc37634') in 0.023765 seconds
  Import took 0.029648 seconds .

========================================================================
Received Import Request.
  Time since last request: 3.406914 seconds.
  path: Assets/Prefabs/Person.prefab
  artifactKey: Guid(6cf878249a8d74412adf006cd6a6a2a2) Importer(815301076,1909f56bfc062723c751e8b465ee728b)
Start importing Assets/Prefabs/Person.prefab using Guid(6cf878249a8d74412adf006cd6a6a2a2) Importer(815301076,1909f56bfc062723c751e8b465ee728b)  -> (artifact id: 'e6a47cbc9c0417af307bd1c9f624649b') in 0.027247 seconds
  Import took 0.034181 seconds .

========================================================================
Received Import Request.
  Time since last request: 2.596976 seconds.
  path: Assets/Prefabs/Person.prefab
  artifactKey: Guid(6cf878249a8d74412adf006cd6a6a2a2) Importer(815301076,1909f56bfc062723c751e8b465ee728b)
Start importing Assets/Prefabs/Person.prefab using Guid(6cf878249a8d74412adf006cd6a6a2a2) Importer(815301076,1909f56bfc062723c751e8b465ee728b)  -> (artifact id: '12f00bea0f8803c44f72b51bce06c473') in 0.026769 seconds
  Import took 0.031870 seconds .

========================================================================
Received Import Request.
  Time since last request: 2.998181 seconds.
  path: Assets/Prefabs/Person.prefab
  artifactKey: Guid(6cf878249a8d74412adf006cd6a6a2a2) Importer(815301076,1909f56bfc062723c751e8b465ee728b)
Start importing Assets/Prefabs/Person.prefab using Guid(6cf878249a8d74412adf006cd6a6a2a2) Importer(815301076,1909f56bfc062723c751e8b465ee728b)  -> (artifact id: 'c5fdb47c5970610aec1d3f1d05deb848') in 0.026431 seconds
  Import took 0.032473 seconds .

========================================================================
Received Import Request.
  Time since last request: 1.386068 seconds.
  path: Assets/Prefabs/Person.prefab
  artifactKey: Guid(6cf878249a8d74412adf006cd6a6a2a2) Importer(815301076,1909f56bfc062723c751e8b465ee728b)
Start importing Assets/Prefabs/Person.prefab using Guid(6cf878249a8d74412adf006cd6a6a2a2) Importer(815301076,1909f56bfc062723c751e8b465ee728b)  -> (artifact id: '447c9cd5dc2429c370c67727c7ecb24e') in 0.028314 seconds
  Import took 0.035362 seconds .

========================================================================
Received Prepare
Registering precompiled user dll's ...
Registered in 0.006791 seconds.
Begin MonoManager ReloadAssembly
Native extension for LinuxStandalone target not found
Native extension for WindowsStandalone target not found
Native extension for OSXStandalone target not found
Refreshing native plugins compatible for Editor in 0.51 ms, found 3 plugins.
Preloading 0 native plugins for Editor in 0.00 ms.
Mono: successfully reloaded assembly
- Completed reload, in  1.224 seconds
Platform modules already initialized, skipping
Refreshing native plugins compatible for Editor in 0.58 ms, found 3 plugins.
Preloading 0 native plugins for Editor in 0.00 ms.
Unloading 2217 Unused Serialized files (Serialized files now loaded: 0)
System memory in use before: 215.2 MB.
System memory in use after: 215.3 MB.

Unloading 20 unused Assets to reduce memory usage. Loaded Objects now: 2680.
Total: 3.121161 ms (FindLiveObjects: 0.297048 ms CreateObjectMapping: 0.120656 ms MarkObjects: 2.674829 ms  DeleteObjects: 0.027296 ms)

========================================================================
Received Import Request.
  Time since last request: 73.654233 seconds.
  path: Assets/Prefabs/Person.prefab
  artifactKey: Guid(6cf878249a8d74412adf006cd6a6a2a2) Importer(815301076,1909f56bfc062723c751e8b465ee728b)
Start importing Assets/Prefabs/Person.prefab using Guid(6cf878249a8d74412adf006cd6a6a2a2) Importer(815301076,1909f56bfc062723c751e8b465ee728b)  -> (artifact id: '8fd60b719777fd6f50552f9a703a98d6') in 0.100971 seconds
  Import took 0.105697 seconds .

========================================================================
Received Prepare
Registering precompiled user dll's ...
Registered in 0.004992 seconds.
Begin MonoManager ReloadAssembly
Native extension for LinuxStandalone target not found
Native extension for WindowsStandalone target not found
Native extension for OSXStandalone target not found
Refreshing native plugins compatible for Editor in 0.51 ms, found 3 plugins.
Preloading 0 native plugins for Editor in 0.00 ms.
Mono: successfully reloaded assembly
- Completed reload, in  1.182 seconds
Platform modules already initialized, skipping
Refreshing native plugins compatible for Editor in 0.69 ms, found 3 plugins.
Preloading 0 native plugins for Editor in 0.00 ms.
Unloading 2217 Unused Serialized files (Serialized files now loaded: 0)
System memory in use before: 215.5 MB.
System memory in use after: 215.6 MB.

Unloading 20 unused Assets to reduce memory usage. Loaded Objects now: 2684.
Total: 2.367035 ms (FindLiveObjects: 0.247439 ms CreateObjectMapping: 0.107737 ms MarkObjects: 1.992614 ms  DeleteObjects: 0.018143 ms)

========================================================================
Received Prepare
Registering precompiled user dll's ...
Registered in 0.005018 seconds.
Begin MonoManager ReloadAssembly
Native extension for LinuxStandalone target not found
Native extension for WindowsStandalone target not found
Native extension for OSXStandalone target not found
Refreshing native plugins compatible for Editor in 0.51 ms, found 3 plugins.
Preloading 0 native plugins for Editor in 0.00 ms.
Mono: successfully reloaded assembly
- Completed reload, in  1.129 seconds
Platform modules already initialized, skipping
Refreshing native plugins compatible for Editor in 0.53 ms, found 3 plugins.
Preloading 0 native plugins for Editor in 0.00 ms.
Unloading 2217 Unused Serialized files (Serialized files now loaded: 0)
System memory in use before: 215.7 MB.
System memory in use after: 215.8 MB.

Unloading 20 unused Assets to reduce memory usage. Loaded Objects now: 2688.
Total: 2.722392 ms (FindLiveObjects: 0.463334 ms CreateObjectMapping: 0.172811 ms MarkObjects: 2.062163 ms  DeleteObjects: 0.022792 ms)

========================================================================
Received Prepare
Registering precompiled user dll's ...
Registered in 0.002871 seconds.
Begin MonoManager ReloadAssembly
Native extension for LinuxStandalone target not found
Native extension for WindowsStandalone target not found
Native extension for OSXStandalone target not found
Refreshing native plugins compatible for Editor in 0.51 ms, found 3 plugins.
Preloading 0 native plugins for Editor in 0.00 ms.
Mono: successfully reloaded assembly
- Completed reload, in  1.099 seconds
Platform modules already initialized, skipping
Refreshing native plugins compatible for Editor in 0.51 ms, found 3 plugins.
Preloading 0 native plugins for Editor in 0.00 ms.
Unloading 2217 Unused Serialized files (Serialized files now loaded: 0)
System memory in use before: 215.9 MB.
System memory in use after: 216.1 MB.

Unloading 20 unused Assets to reduce memory usage. Loaded Objects now: 2692.
Total: 2.347149 ms (FindLiveObjects: 0.257474 ms CreateObjectMapping: 0.071655 ms MarkObjects: 2.000481 ms  DeleteObjects: 0.016699 ms)

========================================================================
Received Prepare
Registering precompiled user dll's ...
Registered in 0.006919 seconds.
Begin MonoManager ReloadAssembly
Native extension for LinuxStandalone target not found
Native extension for WindowsStandalone target not found
Native extension for OSXStandalone target not found
Refreshing native plugins compatible for Editor in 0.51 ms, found 3 plugins.
Preloading 0 native plugins for Editor in 0.00 ms.
Mono: successfully reloaded assembly
- Completed reload, in  1.115 seconds
Platform modules already initialized, skipping
Refreshing native plugins compatible for Editor in 0.52 ms, found 3 plugins.
Preloading 0 native plugins for Editor in 0.00 ms.
Unloading 2217 Unused Serialized files (Serialized files now loaded: 0)
System memory in use before: 216.1 MB.
System memory in use after: 216.2 MB.

Unloading 20 unused Assets to reduce memory usage. Loaded Objects now: 2696.
Total: 2.409544 ms (FindLiveObjects: 0.267988 ms CreateObjectMapping: 0.074842 ms MarkObjects: 2.046603 ms  DeleteObjects: 0.018948 ms)

========================================================================
Received Prepare
Registering precompiled user dll's ...
Registered in 0.002804 seconds.
Begin MonoManager ReloadAssembly
Native extension for LinuxStandalone target not found
Native extension for WindowsStandalone target not found
Native extension for OSXStandalone target not found
Refreshing native plugins compatible for Editor in 0.60 ms, found 3 plugins.
Preloading 0 native plugins for Editor in 0.00 ms.
Mono: successfully reloaded assembly
- Completed reload, in  1.210 seconds
Platform modules already initialized, skipping
Refreshing native plugins compatible for Editor in 0.55 ms, found 3 plugins.
Preloading 0 native plugins for Editor in 0.00 ms.
Unloading 2217 Unused Serialized files (Serialized files now loaded: 0)
System memory in use before: 216.3 MB.
System memory in use after: 216.4 MB.

Unloading 20 unused Assets to reduce memory usage. Loaded Objects now: 2700.
Total: 2.462013 ms (FindLiveObjects: 0.250121 ms CreateObjectMapping: 0.096453 ms MarkObjects: 2.095265 ms  DeleteObjects: 0.019047 ms)

