Using pre-set license

 COMMAND LINE ARGUMENTS:
/Applications/Unity/Hub/Editor/2020.3.10f1/Unity.app/Contents/MacOS/Unity
-adb2
-batchMode
-noUpm
-name
AssetImportWorker0
-projectPath
/Users/joanc2/Documents/Unity/Communications Tutorial
-logFile
Logs/AssetImportWorker0.log
-srvPort
50143
Successfully changed project path to: /Users/joanc2/Documents/Unity/Communications Tutorial
/Users/joanc2/Documents/Unity/Communications Tutorial
Using Asset Import Pipeline V2.
Refreshing native plugins compatible for Editor in 51.66 ms, found 3 plugins.
Preloading 0 native plugins for Editor in 0.00 ms.
Initialize engine version: 2020.3.10f1 (297d780c91bc)
[Subsystems] Discovering subsystems at path /Applications/Unity/Hub/Editor/2020.3.10f1/Unity.app/Contents/Resources/UnitySubsystems
[Subsystems] Discovering subsystems at path /Users/joanc2/Documents/Unity/Communications Tutorial/Assets
GfxDevice: creating device client; threaded=0
2021-08-14 16:04:24.363 Unity[1230:69935] Color LCD preferred device: Intel(R) HD Graphics 630 (low power)
2021-08-14 16:04:24.363 Unity[1230:69935] Metal devices available: 2
2021-08-14 16:04:24.363 Unity[1230:69935] 0: AMD Radeon Pro 560 (high power)
2021-08-14 16:04:24.363 Unity[1230:69935] 1: Intel(R) HD Graphics 630 (low power)
2021-08-14 16:04:24.364 Unity[1230:69935] Using device AMD Radeon Pro 560 (high power)
Initializing Metal device caps: AMD Radeon Pro 560
Initialize mono
Mono path[0] = '/Applications/Unity/Hub/Editor/2020.3.10f1/Unity.app/Contents/Managed'
Mono path[1] = '/Applications/Unity/Hub/Editor/2020.3.10f1/Unity.app/Contents/MonoBleedingEdge/lib/mono/unityjit'
Mono config path = '/Applications/Unity/Hub/Editor/2020.3.10f1/Unity.app/Contents/MonoBleedingEdge/etc'
Using monoOptions --debugger-agent=transport=dt_socket,embedding=1,server=y,suspend=n,address=127.0.0.1:56230
Begin MonoManager ReloadAssembly
Registering precompiled unity dll's ...
Register platform support module: /Applications/Unity/Hub/Editor/2020.3.10f1/Unity.app/Contents/PlaybackEngines/MacStandaloneSupport/UnityEditor.OSXStandalone.Extensions.dll
Register platform support module: /Applications/Unity/Hub/Editor/2020.3.10f1/PlaybackEngines/WindowsStandaloneSupport/UnityEditor.WindowsStandalone.Extensions.dll
Register platform support module: /Applications/Unity/Hub/Editor/2020.3.10f1/PlaybackEngines/LinuxStandaloneSupport/UnityEditor.LinuxStandalone.Extensions.dll
Registered in 0.000966 seconds.
Native extension for LinuxStandalone target not found
Native extension for WindowsStandalone target not found
Native extension for OSXStandalone target not found
Refreshing native plugins compatible for Editor in 49.92 ms, found 3 plugins.
Preloading 0 native plugins for Editor in 0.00 ms.
Mono: successfully reloaded assembly
- Completed reload, in  2.356 seconds
Platform modules already initialized, skipping
Registering precompiled user dll's ...
Registered in 0.003021 seconds.
Begin MonoManager ReloadAssembly
Native extension for LinuxStandalone target not found
Native extension for WindowsStandalone target not found
Native extension for OSXStandalone target not found
Refreshing native plugins compatible for Editor in 44.09 ms, found 3 plugins.
Preloading 0 native plugins for Editor in 0.00 ms.
Mono: successfully reloaded assembly
- Completed reload, in  1.388 seconds
Platform modules already initialized, skipping
========================================================================
Worker process is ready to serve import requests
Launching external process: /Applications/Unity/Hub/Editor/2020.3.10f1/Unity.app/Contents/Tools/UnityShaderCompiler
Launched and connected shader compiler UnityShaderCompiler after 0.01 seconds
Refreshing native plugins compatible for Editor in 0.52 ms, found 3 plugins.
Preloading 0 native plugins for Editor in 0.00 ms.
Unloading 2237 Unused Serialized files (Serialized files now loaded: 0)
System memory in use before: 181.7 MB.
System memory in use after: 181.7 MB.

Unloading 37 unused Assets to reduce memory usage. Loaded Objects now: 2668.
Total: 2.664218 ms (FindLiveObjects: 0.278641 ms CreateObjectMapping: 0.089647 ms MarkObjects: 2.151655 ms  DeleteObjects: 0.143335 ms)

========================================================================
Received Import Request.
  path: Assets/Scripts/Network/IndexManager.cs
  artifactKey: Guid(d1ca7bbb627844f7e9ab35ca375f9f06) Importer(815301076,1909f56bfc062723c751e8b465ee728b)
Start importing Assets/Scripts/Network/IndexManager.cs using Guid(d1ca7bbb627844f7e9ab35ca375f9f06) Importer(815301076,1909f56bfc062723c751e8b465ee728b)  -> (artifact id: 'f8ddd6ba6487932ab0aaf8c14a6c8b4a') in 3.346657 seconds
  Import took 3.351345 seconds .

========================================================================
Received Prepare
Registering precompiled user dll's ...
Registered in 0.002762 seconds.
Begin MonoManager ReloadAssembly
Native extension for LinuxStandalone target not found
Native extension for WindowsStandalone target not found
Native extension for OSXStandalone target not found
Refreshing native plugins compatible for Editor in 0.51 ms, found 3 plugins.
Preloading 0 native plugins for Editor in 0.00 ms.
Mono: successfully reloaded assembly
- Completed reload, in  1.240 seconds
Platform modules already initialized, skipping
Refreshing native plugins compatible for Editor in 0.49 ms, found 3 plugins.
Preloading 0 native plugins for Editor in 0.00 ms.
Unloading 2219 Unused Serialized files (Serialized files now loaded: 0)
System memory in use before: 185.0 MB.
System memory in use after: 184.9 MB.

Unloading 25 unused Assets to reduce memory usage. Loaded Objects now: 2672.
Total: 2.319577 ms (FindLiveObjects: 0.239929 ms CreateObjectMapping: 0.093228 ms MarkObjects: 1.882986 ms  DeleteObjects: 0.102475 ms)

========================================================================
Received Import Request.
  Time since last request: 1.728215 seconds.
  path: Assets/Scripts/Network/IndexManager.cs
  artifactKey: Guid(d1ca7bbb627844f7e9ab35ca375f9f06) Importer(815301076,1909f56bfc062723c751e8b465ee728b)
Start importing Assets/Scripts/Network/IndexManager.cs using Guid(d1ca7bbb627844f7e9ab35ca375f9f06) Importer(815301076,1909f56bfc062723c751e8b465ee728b)  -> (artifact id: 'f8ddd6ba6487932ab0aaf8c14a6c8b4a') in 0.012038 seconds
  Import took 0.016820 seconds .

========================================================================
Received Import Request.
  Time since last request: 632.559972 seconds.
  path: Assets/Scripts/Network/IndexManager.cs
  artifactKey: Guid(d1ca7bbb627844f7e9ab35ca375f9f06) Importer(815301076,1909f56bfc062723c751e8b465ee728b)
Start importing Assets/Scripts/Network/IndexManager.cs using Guid(d1ca7bbb627844f7e9ab35ca375f9f06) Importer(815301076,1909f56bfc062723c751e8b465ee728b)  -> (artifact id: 'b62e40480558365ed9c86bb50d5b0f3b') in 0.007216 seconds
  Import took 0.011983 seconds .

========================================================================
Received Import Request.
  Time since last request: 25.649298 seconds.
  path: Assets/Scripts/Network/IndexManager.cs
  artifactKey: Guid(d1ca7bbb627844f7e9ab35ca375f9f06) Importer(815301076,1909f56bfc062723c751e8b465ee728b)
Start importing Assets/Scripts/Network/IndexManager.cs using Guid(d1ca7bbb627844f7e9ab35ca375f9f06) Importer(815301076,1909f56bfc062723c751e8b465ee728b)  -> (artifact id: 'ec0c5e669a77903fc463c13b5d14fb66') in 0.009999 seconds
  Import took 0.014180 seconds .

========================================================================
Received Import Request.
  Time since last request: 974.303060 seconds.
  path: Assets/Scripts/Network/IndexManager.cs
  artifactKey: Guid(d1ca7bbb627844f7e9ab35ca375f9f06) Importer(815301076,1909f56bfc062723c751e8b465ee728b)
Start importing Assets/Scripts/Network/IndexManager.cs using Guid(d1ca7bbb627844f7e9ab35ca375f9f06) Importer(815301076,1909f56bfc062723c751e8b465ee728b)  -> (artifact id: '02ac9a7edf78266b822cb621bc466f13') in 0.004453 seconds
  Import took 0.009121 seconds .

========================================================================
Received Import Request.
  Time since last request: 1.516436 seconds.
  path: Assets/Scripts/Network/IndexManager.cs
  artifactKey: Guid(d1ca7bbb627844f7e9ab35ca375f9f06) Importer(815301076,1909f56bfc062723c751e8b465ee728b)
Start importing Assets/Scripts/Network/IndexManager.cs using Guid(d1ca7bbb627844f7e9ab35ca375f9f06) Importer(815301076,1909f56bfc062723c751e8b465ee728b)  -> (artifact id: '3bbcafc816e0de7e015860d2b49239f2') in 0.005394 seconds
  Import took 0.009946 seconds .

========================================================================
Received Import Request.
  Time since last request: 51.528163 seconds.
  path: Assets/Scripts/Network/IndexManager.cs
  artifactKey: Guid(d1ca7bbb627844f7e9ab35ca375f9f06) Importer(815301076,1909f56bfc062723c751e8b465ee728b)
Start importing Assets/Scripts/Network/IndexManager.cs using Guid(d1ca7bbb627844f7e9ab35ca375f9f06) Importer(815301076,1909f56bfc062723c751e8b465ee728b)  -> (artifact id: 'f217e710e8d46b664058cc7eb44e9001') in 0.010039 seconds
  Import took 0.015615 seconds .

========================================================================
Received Import Request.
  Time since last request: 550.523119 seconds.
  path: Assets/Scripts/Network/IndexManager.cs
  artifactKey: Guid(d1ca7bbb627844f7e9ab35ca375f9f06) Importer(815301076,1909f56bfc062723c751e8b465ee728b)
Start importing Assets/Scripts/Network/IndexManager.cs using Guid(d1ca7bbb627844f7e9ab35ca375f9f06) Importer(815301076,1909f56bfc062723c751e8b465ee728b)  -> (artifact id: '86eb95b886e15b3784b7427a28804136') in 0.003156 seconds
  Import took 0.007904 seconds .

========================================================================
Received Import Request.
  Time since last request: 49.005235 seconds.
  path: Assets/Scripts/Network/IndexManager.cs
  artifactKey: Guid(d1ca7bbb627844f7e9ab35ca375f9f06) Importer(815301076,1909f56bfc062723c751e8b465ee728b)
Start importing Assets/Scripts/Network/IndexManager.cs using Guid(d1ca7bbb627844f7e9ab35ca375f9f06) Importer(815301076,1909f56bfc062723c751e8b465ee728b)  -> (artifact id: '8169484d69116cdf36f8222d4e8faea1') in 0.004038 seconds
  Import took 0.008849 seconds .

========================================================================
Received Prepare
Registering precompiled user dll's ...
Registered in 0.010688 seconds.
Begin MonoManager ReloadAssembly
Native extension for LinuxStandalone target not found
Native extension for WindowsStandalone target not found
Native extension for OSXStandalone target not found
Refreshing native plugins compatible for Editor in 0.51 ms, found 3 plugins.
Preloading 0 native plugins for Editor in 0.00 ms.
Mono: successfully reloaded assembly
- Completed reload, in  1.266 seconds
Platform modules already initialized, skipping
Refreshing native plugins compatible for Editor in 0.49 ms, found 3 plugins.
Preloading 0 native plugins for Editor in 0.00 ms.
Unloading 2219 Unused Serialized files (Serialized files now loaded: 0)
System memory in use before: 185.3 MB.
System memory in use after: 185.3 MB.

Unloading 25 unused Assets to reduce memory usage. Loaded Objects now: 2676.
Total: 2.272333 ms (FindLiveObjects: 0.229633 ms CreateObjectMapping: 0.085600 ms MarkObjects: 1.853779 ms  DeleteObjects: 0.102405 ms)

========================================================================
Received Import Request.
  Time since last request: 470.629950 seconds.
  path: Assets/Scripts/Network/IndexManager.cs
  artifactKey: Guid(d1ca7bbb627844f7e9ab35ca375f9f06) Importer(815301076,1909f56bfc062723c751e8b465ee728b)
Start importing Assets/Scripts/Network/IndexManager.cs using Guid(d1ca7bbb627844f7e9ab35ca375f9f06) Importer(815301076,1909f56bfc062723c751e8b465ee728b)  -> (artifact id: 'abbd8c1ddb7a9ddacad95c1d60d65599') in 0.012511 seconds
  Import took 0.017999 seconds .

========================================================================
Received Prepare
Registering precompiled user dll's ...
Registered in 0.002834 seconds.
Begin MonoManager ReloadAssembly
Native extension for LinuxStandalone target not found
Native extension for WindowsStandalone target not found
Native extension for OSXStandalone target not found
Refreshing native plugins compatible for Editor in 0.51 ms, found 3 plugins.
Preloading 0 native plugins for Editor in 0.00 ms.
Mono: successfully reloaded assembly
- Completed reload, in  1.283 seconds
Platform modules already initialized, skipping
Refreshing native plugins compatible for Editor in 0.49 ms, found 3 plugins.
Preloading 0 native plugins for Editor in 0.00 ms.
Unloading 2219 Unused Serialized files (Serialized files now loaded: 0)
System memory in use before: 185.6 MB.
System memory in use after: 185.6 MB.

Unloading 25 unused Assets to reduce memory usage. Loaded Objects now: 2680.
Total: 2.323196 ms (FindLiveObjects: 0.237564 ms CreateObjectMapping: 0.092732 ms MarkObjects: 1.882517 ms  DeleteObjects: 0.109266 ms)

AssetImportWorkerClient::OnTransportError - code=2 error=End of file
